==========================================
SLURM_JOB_ID = 18036053
SLURM_JOB_NODELIST = d14-18
TMPDIR = /tmp/SLURM_18036053
==========================================
Average latency is 10833.1
Total ticks 667218
Total ticks read 380741 Total ticks executed 357931
Total capital at the end: 178.643
All stock quantities are zero:
AAPL : 0
AMZN : 0
ARISTA : 0
ATLASSIAN : 0
BANKNY : 0
BLKROCK : 0
BOFA : 0
CISCO : 0
CITI : 0
DELTA : 0
EXPEDIA : 0
FACEBOOK : 0
GOOGLE : 0
JPMC : 0
LYFT : 0
MICROSOFT : 0
MORGAN : 0
NETFLIX : 0
NVIDIA : 0
ORACLE : 0
PALOALTO : 0
PAYPAL : 0
QUALCOMM : 0
SALESFORCE : 0
SLB : 0
SOUTHWEST : 0
SPOTIFY : 0
TESLA : 0
UBER : 0
ZOOM : 0
